#! /usr/bin/vvp
:ivl_version "12.0 (stable)";
:ivl_delay_selection "TYPICAL";
:vpi_time_precision - 12;
:vpi_module "/usr/lib/x86_64-linux-gnu/ivl/system.vpi";
:vpi_module "/usr/lib/x86_64-linux-gnu/ivl/vhdl_sys.vpi";
:vpi_module "/usr/lib/x86_64-linux-gnu/ivl/vhdl_textio.vpi";
:vpi_module "/usr/lib/x86_64-linux-gnu/ivl/v2005_math.vpi";
:vpi_module "/usr/lib/x86_64-linux-gnu/ivl/va_math.vpi";
S_0x5c0d0f23d490 .scope module, "sica_tb" "sica_tb" 2 3;
 .timescale -9 -12;
P_0x5c0d0f23d620 .param/l "DATA_WIDTH" 0 2 4, +C4<00000000000000000000000000100000>;
P_0x5c0d0f23d660 .param/l "DIM" 0 2 6, +C4<00000000000000000000000000000101>;
P_0x5c0d0f23d6a0 .param/l "SAMPLES" 0 2 5, +C4<00000000000000000000010000000000>;
v0x5c0d0f26a780 .array/s "channel_data", 5119 0, 31 0;
v0x5c0d0f23d860_0 .var "clk", 0 0;
v0x5c0d0f2968d0_0 .var/i "file", 31 0;
v0x5c0d0f2969c0_0 .var/i "i", 31 0;
v0x5c0d0f296aa0_0 .var/i "idx", 31 0;
v0x5c0d0f296bd0_0 .var/i "r", 31 0;
v0x5c0d0f296cb0_0 .var/s "serial_z_in", 31 0;
v0x5c0d0f296d90_0 .var/s "temp_int", 31 0;
E_0x5c0d0f276a20 .event posedge, v0x5c0d0f23d860_0;
    .scope S_0x5c0d0f23d490;
T_0 ;
    %pushi/vec4 0, 0, 1;
    %store/vec4 v0x5c0d0f23d860_0, 0, 1;
T_0.0 ;
    %delay 5000, 0;
    %load/vec4 v0x5c0d0f23d860_0;
    %inv;
    %store/vec4 v0x5c0d0f23d860_0, 0, 1;
    %jmp T_0.0;
    %end;
    .thread T_0;
    .scope S_0x5c0d0f23d490;
T_1 ;
    %pushi/vec4 0, 0, 32;
    %store/vec4 v0x5c0d0f296aa0_0, 0, 32;
    %vpi_func 2 24 "$fopen" 32, "dataset/testVectors/channel_1/window_mix_001.txt", "r" {0 0 0};
    %store/vec4 v0x5c0d0f2968d0_0, 0, 32;
    %pushi/vec4 0, 0, 32;
    %store/vec4 v0x5c0d0f2969c0_0, 0, 32;
T_1.0 ;
    %load/vec4 v0x5c0d0f2969c0_0;
    %cmpi/s 1024, 0, 32;
    %jmp/0xz T_1.1, 5;
    %vpi_func 2 26 "$fscanf" 32, v0x5c0d0f2968d0_0, "%d\012", v0x5c0d0f296d90_0 {0 0 0};
    %store/vec4 v0x5c0d0f296bd0_0, 0, 32;
    %load/vec4 v0x5c0d0f296d90_0;
    %ix/getv/s 4, v0x5c0d0f296aa0_0;
    %store/vec4a v0x5c0d0f26a780, 4, 0;
    %load/vec4 v0x5c0d0f296aa0_0;
    %addi 1, 0, 32;
    %store/vec4 v0x5c0d0f296aa0_0, 0, 32;
    %load/vec4 v0x5c0d0f2969c0_0;
    %addi 1, 0, 32;
    %store/vec4 v0x5c0d0f2969c0_0, 0, 32;
    %jmp T_1.0;
T_1.1 ;
    %vpi_call 2 30 "$fclose", v0x5c0d0f2968d0_0 {0 0 0};
    %vpi_func 2 32 "$fopen" 32, "dataset/testVectors/channel_2/window_mix_001.txt", "r" {0 0 0};
    %store/vec4 v0x5c0d0f2968d0_0, 0, 32;
    %pushi/vec4 0, 0, 32;
    %store/vec4 v0x5c0d0f2969c0_0, 0, 32;
T_1.2 ;
    %load/vec4 v0x5c0d0f2969c0_0;
    %cmpi/s 1024, 0, 32;
    %jmp/0xz T_1.3, 5;
    %vpi_func 2 34 "$fscanf" 32, v0x5c0d0f2968d0_0, "%d\012", v0x5c0d0f296d90_0 {0 0 0};
    %store/vec4 v0x5c0d0f296bd0_0, 0, 32;
    %load/vec4 v0x5c0d0f296d90_0;
    %ix/getv/s 4, v0x5c0d0f296aa0_0;
    %store/vec4a v0x5c0d0f26a780, 4, 0;
    %load/vec4 v0x5c0d0f296aa0_0;
    %addi 1, 0, 32;
    %store/vec4 v0x5c0d0f296aa0_0, 0, 32;
    %load/vec4 v0x5c0d0f2969c0_0;
    %addi 1, 0, 32;
    %store/vec4 v0x5c0d0f2969c0_0, 0, 32;
    %jmp T_1.2;
T_1.3 ;
    %vpi_call 2 38 "$fclose", v0x5c0d0f2968d0_0 {0 0 0};
    %vpi_func 2 40 "$fopen" 32, "dataset/testVectors/channel_3/window_mix_001.txt", "r" {0 0 0};
    %store/vec4 v0x5c0d0f2968d0_0, 0, 32;
    %pushi/vec4 0, 0, 32;
    %store/vec4 v0x5c0d0f2969c0_0, 0, 32;
T_1.4 ;
    %load/vec4 v0x5c0d0f2969c0_0;
    %cmpi/s 1024, 0, 32;
    %jmp/0xz T_1.5, 5;
    %vpi_func 2 42 "$fscanf" 32, v0x5c0d0f2968d0_0, "%d\012", v0x5c0d0f296d90_0 {0 0 0};
    %store/vec4 v0x5c0d0f296bd0_0, 0, 32;
    %load/vec4 v0x5c0d0f296d90_0;
    %ix/getv/s 4, v0x5c0d0f296aa0_0;
    %store/vec4a v0x5c0d0f26a780, 4, 0;
    %load/vec4 v0x5c0d0f296aa0_0;
    %addi 1, 0, 32;
    %store/vec4 v0x5c0d0f296aa0_0, 0, 32;
    %load/vec4 v0x5c0d0f2969c0_0;
    %addi 1, 0, 32;
    %store/vec4 v0x5c0d0f2969c0_0, 0, 32;
    %jmp T_1.4;
T_1.5 ;
    %vpi_call 2 46 "$fclose", v0x5c0d0f2968d0_0 {0 0 0};
    %vpi_func 2 48 "$fopen" 32, "dataset/testVectors/channel_4/window_mix_001.txt", "r" {0 0 0};
    %store/vec4 v0x5c0d0f2968d0_0, 0, 32;
    %pushi/vec4 0, 0, 32;
    %store/vec4 v0x5c0d0f2969c0_0, 0, 32;
T_1.6 ;
    %load/vec4 v0x5c0d0f2969c0_0;
    %cmpi/s 1024, 0, 32;
    %jmp/0xz T_1.7, 5;
    %vpi_func 2 50 "$fscanf" 32, v0x5c0d0f2968d0_0, "%d\012", v0x5c0d0f296d90_0 {0 0 0};
    %store/vec4 v0x5c0d0f296bd0_0, 0, 32;
    %load/vec4 v0x5c0d0f296d90_0;
    %ix/getv/s 4, v0x5c0d0f296aa0_0;
    %store/vec4a v0x5c0d0f26a780, 4, 0;
    %load/vec4 v0x5c0d0f296aa0_0;
    %addi 1, 0, 32;
    %store/vec4 v0x5c0d0f296aa0_0, 0, 32;
    %load/vec4 v0x5c0d0f2969c0_0;
    %addi 1, 0, 32;
    %store/vec4 v0x5c0d0f2969c0_0, 0, 32;
    %jmp T_1.6;
T_1.7 ;
    %vpi_call 2 54 "$fclose", v0x5c0d0f2968d0_0 {0 0 0};
    %vpi_func 2 56 "$fopen" 32, "dataset/testVectors/channel_5/window_mix_001.txt", "r" {0 0 0};
    %store/vec4 v0x5c0d0f2968d0_0, 0, 32;
    %pushi/vec4 0, 0, 32;
    %store/vec4 v0x5c0d0f2969c0_0, 0, 32;
T_1.8 ;
    %load/vec4 v0x5c0d0f2969c0_0;
    %cmpi/s 1024, 0, 32;
    %jmp/0xz T_1.9, 5;
    %vpi_func 2 58 "$fscanf" 32, v0x5c0d0f2968d0_0, "%d\012", v0x5c0d0f296d90_0 {0 0 0};
    %store/vec4 v0x5c0d0f296bd0_0, 0, 32;
    %load/vec4 v0x5c0d0f296d90_0;
    %ix/getv/s 4, v0x5c0d0f296aa0_0;
    %store/vec4a v0x5c0d0f26a780, 4, 0;
    %load/vec4 v0x5c0d0f296aa0_0;
    %addi 1, 0, 32;
    %store/vec4 v0x5c0d0f296aa0_0, 0, 32;
    %load/vec4 v0x5c0d0f2969c0_0;
    %addi 1, 0, 32;
    %store/vec4 v0x5c0d0f2969c0_0, 0, 32;
    %jmp T_1.8;
T_1.9 ;
    %vpi_call 2 62 "$fclose", v0x5c0d0f2968d0_0 {0 0 0};
    %end;
    .thread T_1;
    .scope S_0x5c0d0f23d490;
T_2 ;
    %pushi/vec4 0, 0, 32;
    %store/vec4 v0x5c0d0f296aa0_0, 0, 32;
    %wait E_0x5c0d0f276a20;
T_2.0 ;
    %wait E_0x5c0d0f276a20;
    %ix/getv/s 4, v0x5c0d0f296aa0_0;
    %load/vec4a v0x5c0d0f26a780, 4;
    %store/vec4 v0x5c0d0f296cb0_0, 0, 32;
    %load/vec4 v0x5c0d0f296aa0_0;
    %addi 1, 0, 32;
    %store/vec4 v0x5c0d0f296aa0_0, 0, 32;
    %load/vec4 v0x5c0d0f296aa0_0;
    %cmpi/e 5120, 0, 32;
    %jmp/0xz  T_2.1, 4;
    %vpi_call 2 73 "$finish" {0 0 0};
T_2.1 ;
    %jmp T_2.0;
    %end;
    .thread T_2;
# The file index is used to find the file name in the following table.
:file_names 3;
    "N/A";
    "<interactive>";
    "./tb/system/sica_tb.v";
